<?xml version="1.0" encoding="UTF-8"?>
<!-- Generated by org.testng.reporters.JUnitReportReporter -->
<testsuite skipped="0" hostname="RED_LINE" name="market.a" tests="2" failures="0" timestamp="24 Mar 2020 17:29:15 GMT" time="16.439" errors="0">
  <testcase name="GridHelpTest" time="8.215" classname="market.a"/>
  <testcase name="GridHelpTest" time="8.224" classname="market.a"/>
</testsuite> <!-- market.a -->
