<?xml version="1.0" encoding="UTF-8"?>
<!-- Generated by org.testng.reporters.JUnitReportReporter -->
<testsuite skipped="1" hostname="RED_LINE" name="Com.SMB.TestCase.ManagerFeature.AddingNewCustomerTest" tests="1" failures="0" timestamp="24 Mar 2020 00:59:48 GMT" time="0.000" errors="0">
  <testcase name="AddCustomerTest" time="0.000" classname="Com.SMB.TestCase.ManagerFeature.AddingNewCustomerTest">
    <skipped/>
  </testcase> <!-- AddCustomerTest -->
</testsuite> <!-- Com.SMB.TestCase.ManagerFeature.AddingNewCustomerTest -->
