<?xml version="1.0" encoding="UTF-8"?>
<!-- Generated by org.testng.reporters.JUnitReportReporter -->
<testsuite skipped="0" hostname="RED_LINE" name="Com.SMB.TestCase.ManagerFeature.ManagerFeature" tests="2" failures="0" timestamp="24 Mar 2020 17:33:52 GMT" time="0.962" errors="0">
  <testcase name="LaunchingUrl" time="0.491" classname="Com.SMB.TestCase.ManagerFeature.ManagerFeature"/>
  <testcase name="LaunchingUrl" time="0.471" classname="Com.SMB.TestCase.ManagerFeature.ManagerFeature"/>
</testsuite> <!-- Com.SMB.TestCase.ManagerFeature.ManagerFeature -->
