<?xml version="1.0" encoding="UTF-8"?>
<!-- Generated by org.testng.reporters.JUnitReportReporter -->
<testsuite skipped="0" hostname="RED_LINE" name="market.a2" tests="1" failures="0" timestamp="24 Mar 2020 16:56:23 GMT" time="7.684" errors="0">
  <testcase name="GridHelpTest" time="7.684" classname="market.a2"/>
</testsuite> <!-- market.a2 -->
