<?xml version="1.0" encoding="UTF-8"?>
<!-- Generated by org.testng.reporters.JUnitReportReporter -->
<testsuite skipped="0" hostname="DESKTOP-NAJ854M" name="Com.SMB.TestCase.ManagerFeature" tests="1" failures="0" timestamp="06 Mar 2020 20:17:19 GMT" time="0.072" errors="0">
  <testcase name="LaunchingUrl" time="0.072" classname="Com.SMB.TestCase.ManagerFeature"/>
</testsuite> <!-- Com.SMB.TestCase.ManagerFeature -->
