<?xml version="1.0" encoding="UTF-8"?>
<!-- Generated by org.testng.reporters.JUnitReportReporter -->
<testsuite skipped="0" hostname="DESKTOP-NAJ854M" name="Com.SMB.TestCase.LaunchUrl" tests="1" failures="0" timestamp="06 Mar 2020 20:14:54 GMT" time="0.077" errors="0">
  <testcase name="LaunchingUrl" time="0.077" classname="Com.SMB.TestCase.LaunchUrl"/>
</testsuite> <!-- Com.SMB.TestCase.LaunchUrl -->
