<?xml version="1.0" encoding="UTF-8"?>
<!-- Generated by org.testng.reporters.JUnitReportReporter -->
<testsuite skipped="0" hostname="DESKTOP-NAJ854M" name="Java.SetEx" tests="1" failures="0" timestamp="18 Mar 2020 17:08:36 GMT" time="0.038" errors="0">
  <testcase name="SetExe" time="0.038" classname="Java.SetEx"/>
</testsuite> <!-- Java.SetEx -->
