<?xml version="1.0" encoding="UTF-8"?>
<!-- Generated by org.testng.reporters.JUnitReportReporter -->
<testsuite skipped="0" hostname="DESKTOP-NAJ854M" name="Java.MapInterface" tests="1" failures="0" timestamp="2020-03-18T14:42:50 EDT" time="0.010" errors="0">
  <testcase name="Test" time="0.010" classname="Java.MapInterface"/>
</testsuite> <!-- Java.MapInterface -->
