<?xml version="1.0" encoding="UTF-8"?>
<!-- Generated by org.testng.reporters.JUnitReportReporter -->
<testsuite skipped="0" hostname="RED_LINE" name="Com.SMB.Utilities.DataDriven.ExcelData" tests="1" failures="0" timestamp="2020-03-24T16:09:46 EDT" time="0.025" errors="0">
  <testcase name="Reader" time="0.025" classname="Com.SMB.Utilities.DataDriven.ExcelData"/>
  <system-out/>
</testsuite> <!-- Com.SMB.Utilities.DataDriven.ExcelData -->
