<?xml version="1.0" encoding="UTF-8"?>
<!-- Generated by org.testng.reporters.JUnitReportReporter -->
<testsuite skipped="0" hostname="RED_LINE" name="Com.SMB.TestCase.ManagerFeature.ManagerFeature" tests="1" failures="0" timestamp="2020-03-24T13:16:19 EDT" time="5.511" errors="0">
  <testcase name="LaunchingUrl" time="5.511" classname="Com.SMB.TestCase.ManagerFeature.ManagerFeature"/>
  <system-out/>
</testsuite> <!-- Com.SMB.TestCase.ManagerFeature.ManagerFeature -->
