<?xml version="1.0" encoding="UTF-8"?>
<!-- Generated by org.testng.reporters.JUnitReportReporter -->
<testsuite skipped="0" hostname="DESKTOP-NAJ854M" name="Java.Wrapping" tests="2" failures="0" timestamp="18 Mar 2020 16:43:09 GMT" time="0.022" errors="0">
  <testcase name="UnWrappingEx" time="0.021" classname="Java.Wrapping"/>
  <testcase name="WrappingEx" time="0.001" classname="Java.Wrapping"/>
</testsuite> <!-- Java.Wrapping -->
